0 info it worked if it ends with ok
1 verbose cli [ 'node', '/Users/weed/.nodebrew/current/bin/npm', 'start' ]
2 info using npm@2.1.16
3 info using node@v0.10.33
4 verbose node symlink /Users/weed/.nodebrew/current/bin/node
5 verbose run-script [ 'prestart', 'start', 'poststart' ]
6 info prestart readme@0.0.0
7 info start readme@0.0.0
8 verbose unsafe-perm in lifecycle true
9 info readme@0.0.0 Failed to exec start script
10 verbose stack Error: readme@0.0.0 start: `gulp deploy`
10 verbose stack Exit status 1
10 verbose stack     at EventEmitter.<anonymous> (/Users/weed/.nodebrew/node/v0.10.33/lib/node_modules/npm/lib/utils/lifecycle.js:212:16)
10 verbose stack     at EventEmitter.emit (events.js:98:17)
10 verbose stack     at ChildProcess.<anonymous> (/Users/weed/.nodebrew/node/v0.10.33/lib/node_modules/npm/lib/utils/spawn.js:14:12)
10 verbose stack     at ChildProcess.emit (events.js:98:17)
10 verbose stack     at maybeClose (child_process.js:756:16)
10 verbose stack     at Process.ChildProcess._handle.onexit (child_process.js:823:5)
11 verbose pkgid readme@0.0.0
12 verbose cwd /Users/weed/tmp/yokkaichi-tounankai-jishin_p150115
13 error Darwin 14.0.0
14 error argv "node" "/Users/weed/.nodebrew/current/bin/npm" "start"
15 error node v0.10.33
16 error npm  v2.1.16
17 error code ELIFECYCLE
18 error readme@0.0.0 start: `gulp deploy`
18 error Exit status 1
19 error Failed at the readme@0.0.0 start script 'gulp deploy'.
19 error This is most likely a problem with the readme package,
19 error not with npm itself.
19 error Tell the author that this fails on your system:
19 error     gulp deploy
19 error You can get their info via:
19 error     npm owner ls readme
19 error There is likely additional logging output above.
20 verbose exit [ 1, true ]
